2019-11-16 21:16:11,959 : INFO: Init: HR = 0.1040, NDCG = 0.0478 [137.0 s]
2019-11-16 21:17:18,323 : WARNING: From /Library/Frameworks/Python.framework/Versions/3.7/lib/python3.7/site-packages/tensorflow_core/python/ops/array_grad.py:502: _EagerTensorBase.cpu (from tensorflow.python.framework.ops) is deprecated and will be removed in a future version.
Instructions for updating:
Use tf.identity instead.
2019-11-16 21:58:09,930 : INFO: Iteration 1 [2371.1 s]: HR = 0.4679, NDCG = 0.2603, loss = 0.3513 [146.8 s]
2021-06-22 14:11:12,728 : INFO: Init: HR = 0.0977, NDCG = 0.0458 [338.7 s]
2021-06-22 14:30:50,467 : INFO: Iteration 1 [900.3 s]: HR = 0.4750, NDCG = 0.2652, loss = 0.3557 [267.6 s]
2021-06-22 14:50:03,654 : INFO: Iteration 2 [845.5 s]: HR = 0.5301, NDCG = 0.2960, loss = 0.3263 [307.6 s]
2021-06-22 15:11:41,986 : INFO: Iteration 3 [926.5 s]: HR = 0.5598, NDCG = 0.3173, loss = 0.3051 [298.2 s]
2021-06-22 15:32:58,150 : INFO: Iteration 4 [978.8 s]: HR = 0.5821, NDCG = 0.3296, loss = 0.2932 [297.3 s]
2021-06-22 15:52:50,827 : INFO: Iteration 5 [921.9 s]: HR = 0.5997, NDCG = 0.3429, loss = 0.2847 [270.7 s]
2021-06-22 16:13:00,644 : INFO: Iteration 6 [911.6 s]: HR = 0.6098, NDCG = 0.3515, loss = 0.2771 [298.1 s]
2021-06-22 16:32:30,866 : INFO: Iteration 7 [896.8 s]: HR = 0.6209, NDCG = 0.3582, loss = 0.2712 [273.4 s]
2021-06-22 16:52:27,949 : INFO: Iteration 8 [898.4 s]: HR = 0.6265, NDCG = 0.3633, loss = 0.2671 [298.6 s]
2021-06-22 17:13:28,985 : INFO: Iteration 9 [965.4 s]: HR = 0.6285, NDCG = 0.3644, loss = 0.2639 [295.6 s]
2021-06-22 17:32:30,524 : INFO: Iteration 10 [872.5 s]: HR = 0.6354, NDCG = 0.3679, loss = 0.2611 [269.0 s]
2021-06-22 17:51:07,903 : INFO: Iteration 11 [848.6 s]: HR = 0.6387, NDCG = 0.3709, loss = 0.2594 [268.7 s]
2021-06-22 18:09:48,845 : INFO: Iteration 12 [852.9 s]: HR = 0.6437, NDCG = 0.3744, loss = 0.2570 [268.0 s]
2021-06-22 18:28:38,058 : INFO: Iteration 13 [860.7 s]: HR = 0.6478, NDCG = 0.3774, loss = 0.2554 [268.5 s]
2021-06-22 18:47:14,473 : INFO: Iteration 14 [846.9 s]: HR = 0.6487, NDCG = 0.3773, loss = 0.2535 [269.5 s]
2021-06-22 19:05:52,250 : INFO: Iteration 15 [846.5 s]: HR = 0.6520, NDCG = 0.3806, loss = 0.2525 [271.2 s]
2021-06-22 19:24:31,115 : INFO: Iteration 16 [850.2 s]: HR = 0.6535, NDCG = 0.3817, loss = 0.2504 [268.6 s]
2021-06-22 19:42:47,205 : INFO: Iteration 17 [831.7 s]: HR = 0.6551, NDCG = 0.3830, loss = 0.2495 [264.4 s]
2021-06-22 20:01:31,035 : INFO: Iteration 18 [849.3 s]: HR = 0.6543, NDCG = 0.3842, loss = 0.2483 [274.4 s]
2021-06-22 20:20:06,716 : INFO: Iteration 19 [841.9 s]: HR = 0.6555, NDCG = 0.3864, loss = 0.2470 [273.7 s]
2021-06-22 20:38:36,038 : INFO: Iteration 20 [843.7 s]: HR = 0.6568, NDCG = 0.3868, loss = 0.2461 [265.6 s]
2021-06-22 20:57:01,862 : INFO: Iteration 21 [841.2 s]: HR = 0.6591, NDCG = 0.3876, loss = 0.2454 [264.6 s]
2021-06-22 21:15:33,694 : INFO: Iteration 22 [845.4 s]: HR = 0.6599, NDCG = 0.3878, loss = 0.2445 [266.4 s]
2021-06-22 21:34:04,625 : INFO: Iteration 23 [846.2 s]: HR = 0.6593, NDCG = 0.3893, loss = 0.2436 [264.7 s]
2021-06-22 21:52:34,313 : INFO: Iteration 24 [841.7 s]: HR = 0.6583, NDCG = 0.3891, loss = 0.2436 [268.0 s]
2021-06-22 22:11:15,511 : INFO: Iteration 25 [843.6 s]: HR = 0.6599, NDCG = 0.3905, loss = 0.2426 [277.6 s]
2021-06-22 22:32:07,868 : INFO: Iteration 26 [986.4 s]: HR = 0.6604, NDCG = 0.3915, loss = 0.2420 [265.9 s]
2021-06-22 22:50:49,941 : INFO: Iteration 27 [850.4 s]: HR = 0.6601, NDCG = 0.3915, loss = 0.2414 [271.6 s]
2021-06-22 23:09:33,317 : INFO: Iteration 28 [858.3 s]: HR = 0.6626, NDCG = 0.3920, loss = 0.2410 [265.0 s]
2021-06-22 23:28:15,439 : INFO: Iteration 29 [849.8 s]: HR = 0.6626, NDCG = 0.3919, loss = 0.2413 [272.2 s]
2021-06-22 23:46:45,302 : INFO: Iteration 30 [843.0 s]: HR = 0.6642, NDCG = 0.3928, loss = 0.2408 [266.9 s]
2021-06-23 00:05:20,566 : INFO: Iteration 31 [850.0 s]: HR = 0.6662, NDCG = 0.3939, loss = 0.2400 [265.2 s]
2021-06-23 00:24:08,142 : INFO: Iteration 32 [850.5 s]: HR = 0.6641, NDCG = 0.3927, loss = 0.2397 [277.0 s]
2021-06-23 00:42:42,004 : INFO: Iteration 33 [847.0 s]: HR = 0.6654, NDCG = 0.3941, loss = 0.2395 [266.9 s]
2021-06-23 01:01:17,091 : INFO: Iteration 34 [846.7 s]: HR = 0.6647, NDCG = 0.3941, loss = 0.2391 [268.4 s]
2021-06-23 01:19:49,888 : INFO: Iteration 35 [846.0 s]: HR = 0.6626, NDCG = 0.3935, loss = 0.2387 [266.8 s]
2021-06-23 01:38:22,453 : INFO: Iteration 36 [847.4 s]: HR = 0.6629, NDCG = 0.3939, loss = 0.2385 [265.2 s]
2021-06-23 01:57:02,516 : INFO: Iteration 37 [847.8 s]: HR = 0.6651, NDCG = 0.3942, loss = 0.2384 [272.2 s]
2021-06-23 02:16:13,782 : INFO: Iteration 38 [870.8 s]: HR = 0.6636, NDCG = 0.3942, loss = 0.2382 [280.4 s]
2021-06-23 02:34:51,422 : INFO: Iteration 39 [852.2 s]: HR = 0.6637, NDCG = 0.3946, loss = 0.2380 [265.4 s]
2021-06-23 02:53:22,745 : INFO: Iteration 40 [842.5 s]: HR = 0.6642, NDCG = 0.3940, loss = 0.2381 [268.8 s]
2021-06-23 03:12:03,428 : INFO: Iteration 41 [856.3 s]: HR = 0.6646, NDCG = 0.3943, loss = 0.2374 [264.4 s]
2021-06-23 03:30:44,448 : INFO: Iteration 42 [854.7 s]: HR = 0.6641, NDCG = 0.3936, loss = 0.2372 [266.4 s]
2021-06-23 03:54:41,610 : INFO: Iteration 43 [1168.8 s]: HR = 0.6631, NDCG = 0.3931, loss = 0.2373 [268.3 s]
2021-06-23 04:13:18,980 : INFO: Iteration 44 [851.0 s]: HR = 0.6657, NDCG = 0.3944, loss = 0.2370 [266.3 s]
2021-06-23 04:31:56,550 : INFO: Iteration 45 [850.6 s]: HR = 0.6662, NDCG = 0.3947, loss = 0.2369 [266.9 s]
2021-06-23 04:50:43,980 : INFO: Iteration 46 [861.5 s]: HR = 0.6666, NDCG = 0.3950, loss = 0.2367 [265.8 s]
2021-06-23 05:09:18,745 : INFO: Iteration 47 [848.6 s]: HR = 0.6671, NDCG = 0.3948, loss = 0.2367 [266.1 s]
2021-06-23 05:28:36,633 : INFO: Iteration 48 [851.8 s]: HR = 0.6667, NDCG = 0.3945, loss = 0.2361 [306.0 s]
2021-06-23 05:47:11,491 : INFO: Iteration 49 [849.1 s]: HR = 0.6656, NDCG = 0.3951, loss = 0.2362 [265.8 s]
2021-06-23 06:05:50,179 : INFO: Iteration 50 [849.4 s]: HR = 0.6657, NDCG = 0.3947, loss = 0.2361 [269.3 s]
2021-06-23 06:24:38,110 : INFO: Iteration 51 [861.0 s]: HR = 0.6656, NDCG = 0.3946, loss = 0.2361 [267.0 s]
2021-06-23 06:43:14,797 : INFO: Iteration 52 [850.0 s]: HR = 0.6647, NDCG = 0.3941, loss = 0.2363 [266.7 s]
2021-06-23 07:01:56,304 : INFO: Iteration 53 [850.7 s]: HR = 0.6666, NDCG = 0.3952, loss = 0.2354 [270.8 s]
2021-06-23 07:21:01,806 : INFO: Iteration 54 [874.2 s]: HR = 0.6671, NDCG = 0.3948, loss = 0.2353 [271.3 s]
2021-06-23 07:39:37,995 : INFO: Iteration 55 [849.3 s]: HR = 0.6692, NDCG = 0.3956, loss = 0.2354 [266.8 s]
2021-06-23 07:58:17,271 : INFO: Iteration 56 [852.1 s]: HR = 0.6657, NDCG = 0.3947, loss = 0.2355 [267.1 s]
2021-06-23 08:16:57,593 : INFO: Iteration 57 [851.7 s]: HR = 0.6674, NDCG = 0.3947, loss = 0.2350 [268.6 s]
2021-06-23 08:35:37,322 : INFO: Iteration 58 [851.3 s]: HR = 0.6669, NDCG = 0.3946, loss = 0.2355 [268.4 s]
2021-06-23 08:54:36,641 : INFO: Iteration 59 [847.8 s]: HR = 0.6659, NDCG = 0.3944, loss = 0.2349 [291.5 s]
2021-06-23 09:13:15,335 : INFO: Iteration 60 [853.4 s]: HR = 0.6644, NDCG = 0.3942, loss = 0.2347 [265.3 s]
2021-06-23 09:31:51,497 : INFO: Iteration 61 [849.4 s]: HR = 0.6654, NDCG = 0.3944, loss = 0.2351 [266.7 s]
2021-06-23 09:51:39,094 : INFO: Iteration 62 [877.3 s]: HR = 0.6649, NDCG = 0.3943, loss = 0.2351 [310.3 s]
2021-06-23 10:12:11,103 : INFO: Iteration 63 [933.4 s]: HR = 0.6636, NDCG = 0.3944, loss = 0.2348 [298.6 s]
2021-06-23 10:32:42,755 : INFO: Iteration 64 [952.4 s]: HR = 0.6661, NDCG = 0.3951, loss = 0.2348 [279.3 s]
2021-06-23 10:52:04,412 : INFO: Iteration 65 [856.8 s]: HR = 0.6684, NDCG = 0.3959, loss = 0.2347 [304.8 s]
2021-06-23 11:12:56,286 : INFO: Iteration 66 [959.7 s]: HR = 0.6677, NDCG = 0.3944, loss = 0.2344 [292.2 s]
2021-06-23 11:33:59,755 : INFO: Iteration 67 [989.2 s]: HR = 0.6664, NDCG = 0.3950, loss = 0.2342 [274.3 s]
2021-06-23 11:52:26,743 : INFO: Iteration 68 [840.2 s]: HR = 0.6672, NDCG = 0.3954, loss = 0.2344 [266.8 s]
2021-06-23 12:11:12,352 : INFO: Iteration 69 [844.7 s]: HR = 0.6672, NDCG = 0.3952, loss = 0.2343 [281.0 s]
2021-06-23 12:32:54,033 : INFO: Iteration 70 [991.1 s]: HR = 0.6685, NDCG = 0.3959, loss = 0.2341 [310.6 s]
2021-06-24 10:47:14,868 : INFO: Init: HR = 0.0988, NDCG = 0.0452 [314.4 s]
2021-06-24 11:23:27,666 : INFO: Iteration 1 [1895.3 s]: HR = 0.5770, NDCG = 0.3312, loss = 0.3164 [277.5 s]
2021-06-24 11:48:46,429 : INFO: Iteration 2 [1213.8 s]: HR = 0.6189, NDCG = 0.3575, loss = 0.2776 [304.9 s]
2021-06-24 12:14:15,182 : INFO: Iteration 3 [1213.3 s]: HR = 0.6412, NDCG = 0.3748, loss = 0.2632 [315.4 s]
2021-06-24 12:39:41,642 : INFO: Iteration 4 [1219.7 s]: HR = 0.6560, NDCG = 0.3849, loss = 0.2543 [306.7 s]
2021-06-24 13:05:23,173 : INFO: Iteration 5 [1228.5 s]: HR = 0.6589, NDCG = 0.3901, loss = 0.2481 [312.9 s]
2021-06-24 13:31:06,940 : INFO: Iteration 6 [1246.5 s]: HR = 0.6679, NDCG = 0.3960, loss = 0.2440 [297.2 s]
2021-06-24 13:54:47,572 : INFO: Iteration 7 [1146.8 s]: HR = 0.6687, NDCG = 0.4008, loss = 0.2399 [273.7 s]
2021-06-24 14:17:43,760 : INFO: Iteration 8 [1101.8 s]: HR = 0.6720, NDCG = 0.4045, loss = 0.2366 [274.3 s]
2021-06-24 14:40:28,084 : INFO: Iteration 9 [1089.2 s]: HR = 0.6793, NDCG = 0.4085, loss = 0.2341 [275.0 s]
2021-06-24 15:03:24,467 : INFO: Iteration 10 [1098.1 s]: HR = 0.6805, NDCG = 0.4094, loss = 0.2316 [278.2 s]
2021-06-24 15:26:40,416 : INFO: Iteration 11 [1114.5 s]: HR = 0.6785, NDCG = 0.4095, loss = 0.2296 [281.4 s]
2021-06-24 15:49:52,685 : INFO: Iteration 12 [1117.6 s]: HR = 0.6816, NDCG = 0.4104, loss = 0.2274 [274.6 s]
2021-06-24 16:15:08,808 : INFO: Iteration 13 [1116.6 s]: HR = 0.6806, NDCG = 0.4122, loss = 0.2257 [399.5 s]
2021-06-24 16:37:25,451 : INFO: Init: HR = 0.0998, NDCG = 0.0464 [332.1 s]
2021-06-24 16:59:47,664 : INFO: Iteration 1 [1043.6 s]: HR = 0.4646, NDCG = 0.2601, loss = 0.3594 [298.6 s]
2021-06-24 17:18:31,902 : INFO: Iteration 2 [818.4 s]: HR = 0.5222, NDCG = 0.2923, loss = 0.3308 [305.7 s]
2021-06-24 17:37:06,720 : INFO: Iteration 3 [825.5 s]: HR = 0.5495, NDCG = 0.3091, loss = 0.3115 [289.3 s]
2021-06-24 17:55:37,588 : INFO: Iteration 4 [837.8 s]: HR = 0.5671, NDCG = 0.3247, loss = 0.2994 [272.9 s]
2021-06-24 18:12:25,530 : INFO: Iteration 5 [747.0 s]: HR = 0.5881, NDCG = 0.3398, loss = 0.2886 [260.8 s]
2021-06-24 18:29:04,713 : INFO: Iteration 6 [742.4 s]: HR = 0.6139, NDCG = 0.3551, loss = 0.2791 [256.7 s]
2021-06-24 18:45:56,930 : INFO: Iteration 7 [753.1 s]: HR = 0.6219, NDCG = 0.3612, loss = 0.2727 [259.0 s]
2021-06-24 19:03:36,397 : INFO: Iteration 8 [743.4 s]: HR = 0.6273, NDCG = 0.3657, loss = 0.2676 [316.0 s]
2021-06-24 19:22:37,931 : INFO: Iteration 9 [855.8 s]: HR = 0.6351, NDCG = 0.3699, loss = 0.2642 [285.6 s]
2021-06-24 19:42:02,164 : INFO: Iteration 10 [864.4 s]: HR = 0.6374, NDCG = 0.3718, loss = 0.2609 [299.7 s]
2021-06-24 20:00:38,980 : INFO: Iteration 11 [841.6 s]: HR = 0.6392, NDCG = 0.3726, loss = 0.2591 [275.1 s]
2021-06-24 20:19:12,260 : INFO: Iteration 12 [846.9 s]: HR = 0.6454, NDCG = 0.3758, loss = 0.2564 [266.3 s]
2021-06-24 20:36:15,137 : INFO: Iteration 13 [764.8 s]: HR = 0.6477, NDCG = 0.3779, loss = 0.2543 [258.0 s]
2021-06-24 20:53:00,472 : INFO: Iteration 14 [748.1 s]: HR = 0.6520, NDCG = 0.3807, loss = 0.2529 [257.1 s]
2021-06-24 21:09:49,706 : INFO: Iteration 15 [752.5 s]: HR = 0.6536, NDCG = 0.3823, loss = 0.2516 [256.7 s]
2021-06-24 21:26:45,067 : INFO: Iteration 16 [755.7 s]: HR = 0.6530, NDCG = 0.3826, loss = 0.2495 [259.6 s]
2021-06-24 21:43:33,540 : INFO: Iteration 17 [751.7 s]: HR = 0.6546, NDCG = 0.3857, loss = 0.2486 [256.8 s]
2021-06-24 22:00:23,105 : INFO: Iteration 18 [749.3 s]: HR = 0.6575, NDCG = 0.3873, loss = 0.2477 [260.1 s]
2021-06-24 22:17:15,269 : INFO: Iteration 19 [752.2 s]: HR = 0.6556, NDCG = 0.3882, loss = 0.2464 [259.9 s]
2021-06-24 22:33:58,649 : INFO: Iteration 20 [745.7 s]: HR = 0.6584, NDCG = 0.3890, loss = 0.2455 [257.7 s]
2021-06-24 22:50:49,998 : INFO: Iteration 21 [754.5 s]: HR = 0.6579, NDCG = 0.3885, loss = 0.2446 [256.7 s]
2021-06-24 23:07:42,108 : INFO: Iteration 22 [748.1 s]: HR = 0.6589, NDCG = 0.3903, loss = 0.2439 [264.0 s]
2021-06-24 23:24:27,990 : INFO: Iteration 23 [750.3 s]: HR = 0.6609, NDCG = 0.3912, loss = 0.2432 [255.5 s]
2021-06-24 23:41:19,365 : INFO: Iteration 24 [754.8 s]: HR = 0.6588, NDCG = 0.3910, loss = 0.2427 [256.5 s]
2021-06-24 23:57:59,795 : INFO: Iteration 25 [746.0 s]: HR = 0.6629, NDCG = 0.3923, loss = 0.2421 [254.5 s]
2021-06-25 00:14:49,829 : INFO: Iteration 26 [754.2 s]: HR = 0.6629, NDCG = 0.3926, loss = 0.2416 [255.7 s]
2021-06-25 00:31:36,690 : INFO: Iteration 27 [748.6 s]: HR = 0.6616, NDCG = 0.3930, loss = 0.2413 [258.2 s]
2021-06-25 00:48:18,291 : INFO: Iteration 28 [745.1 s]: HR = 0.6623, NDCG = 0.3940, loss = 0.2404 [256.4 s]
2021-06-25 01:05:09,749 : INFO: Iteration 29 [755.3 s]: HR = 0.6644, NDCG = 0.3946, loss = 0.2405 [256.1 s]
2021-06-25 01:22:03,940 : INFO: Iteration 30 [756.7 s]: HR = 0.6656, NDCG = 0.3948, loss = 0.2400 [257.5 s]
2021-06-25 01:39:02,140 : INFO: Iteration 31 [748.1 s]: HR = 0.6680, NDCG = 0.3953, loss = 0.2399 [270.0 s]
2021-06-25 01:55:46,619 : INFO: Iteration 32 [748.7 s]: HR = 0.6682, NDCG = 0.3953, loss = 0.2393 [255.8 s]
2021-06-25 02:13:07,218 : INFO: Iteration 33 [767.8 s]: HR = 0.6677, NDCG = 0.3952, loss = 0.2392 [272.8 s]
2021-06-25 02:30:37,001 : INFO: Iteration 34 [789.7 s]: HR = 0.6682, NDCG = 0.3956, loss = 0.2389 [260.1 s]
2021-06-25 02:47:26,036 : INFO: Iteration 35 [749.5 s]: HR = 0.6664, NDCG = 0.3954, loss = 0.2387 [259.5 s]
2021-06-25 03:04:07,979 : INFO: Iteration 36 [746.1 s]: HR = 0.6669, NDCG = 0.3959, loss = 0.2384 [255.9 s]
2021-06-25 03:20:50,255 : INFO: Iteration 37 [745.3 s]: HR = 0.6679, NDCG = 0.3967, loss = 0.2375 [257.0 s]
2021-06-25 03:37:43,337 : INFO: Iteration 38 [757.0 s]: HR = 0.6679, NDCG = 0.3978, loss = 0.2375 [256.0 s]
2021-06-25 03:54:22,713 : INFO: Iteration 39 [743.6 s]: HR = 0.6662, NDCG = 0.3976, loss = 0.2377 [255.7 s]
2021-06-25 04:11:44,729 : INFO: Iteration 40 [785.3 s]: HR = 0.6679, NDCG = 0.3975, loss = 0.2371 [256.7 s]
2021-06-25 04:28:26,844 : INFO: Iteration 41 [744.9 s]: HR = 0.6669, NDCG = 0.3976, loss = 0.2373 [257.2 s]
2021-06-25 04:45:03,786 : INFO: Iteration 42 [742.4 s]: HR = 0.6656, NDCG = 0.3960, loss = 0.2369 [254.5 s]
2021-06-25 05:01:47,505 : INFO: Iteration 43 [746.8 s]: HR = 0.6659, NDCG = 0.3956, loss = 0.2371 [256.9 s]
2021-06-25 05:18:33,568 : INFO: Iteration 44 [747.6 s]: HR = 0.6690, NDCG = 0.3968, loss = 0.2370 [258.5 s]
2021-06-25 05:35:15,071 : INFO: Iteration 45 [746.6 s]: HR = 0.6700, NDCG = 0.3968, loss = 0.2366 [254.8 s]
2021-06-25 05:51:54,036 : INFO: Iteration 46 [742.9 s]: HR = 0.6672, NDCG = 0.3971, loss = 0.2357 [256.0 s]
2021-06-25 06:08:35,440 : INFO: Iteration 47 [743.6 s]: HR = 0.6694, NDCG = 0.3972, loss = 0.2360 [257.8 s]
2021-06-25 06:25:16,679 : INFO: Iteration 48 [744.6 s]: HR = 0.6682, NDCG = 0.3966, loss = 0.2363 [256.6 s]
2021-06-25 06:41:53,923 : INFO: Iteration 49 [741.2 s]: HR = 0.6684, NDCG = 0.3974, loss = 0.2356 [256.0 s]
2021-06-25 06:58:29,278 : INFO: Iteration 50 [739.9 s]: HR = 0.6669, NDCG = 0.3979, loss = 0.2354 [255.5 s]
2021-06-25 06:58:29,278 : INFO: Best Iteration 45:  HR = 0.6700, NDCG = 0.3968. 
2021-06-25 06:58:29,278 : INFO: The best NAIS model is saved to NAIS_1624541449.ckpt
